dataset,w,a,sb,tb,si,ka,motifs,occurrences,dnorm,dsearch,drank,dtotal
t401,4,7,20,20,5,1,3569,30904,1.1,2.3,3.1,3.1
t401,3,7,20,20,7,2,4438,65509,1.1,2.3,5.0,5.1
t401,3,7,20,20,7,1,4439,65544,1.1,2.3,5.0,5.1
t401,3,7,20,20,7,3,4435,65421,1.1,2.3,5.0,5.0
t401,3,7,20,20,7,5,4398,65036,1.1,2.3,5.0,5.1
t401,3,7,20,20,7,4,4425,65627,1.1,2.3,5.2,5.2
t401,3,7,20,20,5,5,8451,97794,1.1,2.4,6.0,6.1
t401,3,7,20,20,6,3,6336,83664,1.1,2.3,6.0,6.1
t401,3,7,20,20,6,1,6345,83776,1.1,2.4,6.1,6.1
t401,3,7,20,20,6,2,6344,83741,1.1,2.3,6.1,6.1
t401,3,7,20,20,6,4,6317,83712,1.1,2.5,6.3,6.3
t401,3,7,20,20,5,1,9076,103998,1.1,2.4,6.5,6.5
t401,3,7,20,20,5,3,9060,103884,1.1,2.4,6.5,6.5
t401,3,7,20,20,5,4,8999,103864,1.0,2.4,6.6,6.6
t401,3,7,20,20,5,2,9075,103953,1.1,2.4,6.7,6.8
t401,3,7,20,20,4,4,11871,121461,1.0,2.5,7.4,7.4
t401,3,7,20,20,4,3,12274,124364,1.0,2.5,7.5,7.5
t401,3,7,20,20,4,1,12315,124686,1.0,2.5,7.5,7.6
t401,3,7,20,20,4,2,12312,124633,1.0,2.5,7.5,7.6
t401,4,7,20,20,4,1,7420,50223,0.8,2.3,3.7,3.8
t401,3,7,20,20,3,3,15803,133507,1.0,2.6,8.2,8.2
t401,3,7,20,20,3,1,15894,133880,1.0,2.6,8.2,8.3
t401,3,7,20,20,3,2,15891,133855,1.0,2.6,8.2,8.3
t401,4,7,20,20,4,4,6934,47492,0.8,2.3,3.7,3.7
t401,4,7,20,20,4,2,7408,50112,0.8,2.3,3.7,3.8
t401,3,7,20,20,2,1,19194,124112,1.1,2.8,8.8,8.8
t401,3,7,20,20,2,2,19253,124860,1.1,2.8,8.8,8.8
t401,4,7,20,20,5,3,3547,30687,0.8,2.3,3.1,3.1
t401,4,7,20,20,5,4,3509,30288,0.8,2.2,3.1,3.1
t401,4,7,20,20,5,2,3563,30824,0.8,2.2,3.1,3.1
t401,4,7,20,20,6,1,1855,20248,0.8,2.3,2.9,2.9
t401,4,7,20,20,6,2,1852,20183,0.7,2.2,2.9,2.9
t401,4,7,20,20,5,5,3214,27982,0.8,2.2,3.0,3.0
t401,4,7,20,20,4,3,7359,50050,0.8,2.3,3.8,3.8
t401,4,7,20,20,6,4,1831,19872,0.8,2.4,3.0,3.0
t401,4,7,20,20,6,5,1788,19229,0.7,2.2,2.8,2.8
t401,4,7,20,20,7,1,1074,14034,0.7,2.2,2.7,2.7
t401,4,7,20,20,7,3,1065,13892,0.8,2.2,2.7,2.7
t401,4,7,20,20,7,2,1071,13969,0.8,2.2,2.7,2.7
t401,4,7,20,20,6,3,1843,20070,0.7,2.2,2.9,2.9
t401,4,7,20,20,7,4,1057,13733,0.7,2.2,2.7,2.7
t401,4,7,20,20,7,5,1034,13384,0.7,2.2,2.7,2.7
t401,5,7,20,20,4,1,2501,15165,0.7,2.2,2.5,2.5
t401,5,7,20,20,4,2,2492,15052,0.8,2.2,2.5,2.5
t401,5,7,20,20,4,3,2467,14861,0.8,2.1,2.5,2.5
t401,5,7,20,20,3,1,7774,33176,0.7,2.2,3.2,3.2
t401,5,7,20,20,5,1,1040,8607,0.8,2.1,2.3,2.3
t401,5,7,20,20,5,2,1035,8526,0.8,2.1,2.3,2.3
t401,5,7,20,20,6,2,517,5449,0.8,2.1,2.2,2.2
t401,5,7,20,20,5,3,1021,8419,0.8,2.1,2.3,2.3
t401,5,7,20,20,6,3,512,5392,0.8,2.1,2.2,2.2
t401,3,7,20,20,6,5,6189,81946,0.8,2.3,5.9,5.9
t401,4,7,20,20,3,1,16910,86553,0.8,2.5,5.8,5.8
t401,4,7,20,20,3,3,16396,84591,0.8,2.5,5.7,5.8
t401,5,7,20,20,3,2,7752,33073,0.8,2.3,3.2,3.2
t401,5,7,20,20,4,4,2349,14254,0.8,2.1,2.5,2.5
t401,5,7,20,20,3,3,7560,32245,0.7,2.3,3.2,3.2
t401,5,7,20,20,5,4,1009,8286,0.8,2.1,2.3,2.3
t401,4,7,20,20,3,2,16882,86338,0.7,2.5,6.0,6.1
t401,5,7,20,20,6,4,503,5284,0.8,2.1,2.3,2.3
t401,5,7,20,20,5,5,940,7780,0.8,2.1,2.3,2.3
t401,5,7,20,20,7,1,299,3847,0.8,2.1,2.2,2.2
t401,5,7,20,20,6,1,521,5525,0.8,2.2,2.3,2.3
t401,5,7,20,20,6,5,491,5140,0.8,2.1,2.3,2.3
t401,5,7,20,20,7,2,295,3771,0.7,2.2,2.3,2.3
t401,5,7,20,20,7,3,296,3756,0.8,2.2,2.3,2.3
t401,5,7,20,20,7,4,293,3690,0.8,2.1,2.2,2.2
t401,6,7,20,20,4,1,897,5257,0.8,2.0,2.1,2.1
t401,5,7,20,20,7,5,287,3612,0.8,2.1,2.2,2.2
t401,6,7,20,20,4,2,887,5161,0.8,2.0,2.1,2.1
t401,6,7,20,20,4,3,883,5100,0.8,2.1,2.2,2.2
t401,6,7,20,20,3,2,3093,12260,0.8,2.1,2.4,2.4
t401,6,7,20,20,4,4,855,4946,0.8,2.0,2.1,2.1
t401,6,7,20,20,5,1,360,2869,0.8,2.0,2.1,2.1
t401,6,7,20,20,5,2,355,2793,0.8,2.0,2.1,2.1
t401,6,7,20,20,5,4,345,2690,0.8,2.0,2.1,2.1
t401,6,7,20,20,5,3,354,2760,0.8,2.0,2.1,2.1
t401,6,7,20,20,6,2,194,1803,0.8,2.0,2.1,2.1
t401,6,7,20,20,5,5,332,2577,0.8,2.0,2.1,2.1
t401,6,7,20,20,3,1,3116,12407,0.8,2.1,2.4,2.4
t401,6,7,20,20,6,1,198,1874,0.8,2.0,2.1,2.1
t401,6,7,20,20,3,3,3044,12037,0.8,2.1,2.4,2.4
t401,6,7,20,20,6,5,178,1667,0.8,2.0,2.1,2.1
t401,6,7,20,20,6,3,192,1785,0.8,2.1,2.2,2.2
t401,6,7,20,20,6,4,185,1735,0.8,2.0,2.1,2.1
t401,6,7,20,20,7,1,110,1280,0.8,2.0,2.1,2.1
t401,6,7,20,20,7,2,106,1209,0.8,2.0,2.0,2.0
t401,6,7,20,20,7,3,106,1209,0.8,2.0,2.0,2.0
t401,6,7,20,20,7,4,102,1177,0.8,2.0,2.0,2.0
t401,6,7,20,20,7,5,99,1133,0.8,2.0,2.0,2.0
t401,7,7,20,20,3,1,1343,5130,0.8,2.0,2.1,2.1
t401,7,7,20,20,3,2,1332,5037,0.8,1.9,2.1,2.1
t401,7,7,20,20,3,3,1316,4966,0.8,2.0,2.1,2.1
t401,7,7,20,20,4,2,365,2001,0.8,1.9,2.0,2.0
t401,7,7,20,20,5,2,148,1057,0.8,1.9,1.9,1.9
t401,7,7,20,20,4,1,370,2076,0.8,1.9,2.0,2.0
t401,7,7,20,20,4,3,358,1969,0.8,1.9,2.0,2.0
t401,7,7,20,20,5,1,153,1128,0.8,1.9,1.9,1.9
t401,7,7,20,20,4,4,354,1938,0.8,2.1,2.1,2.1
t401,7,7,20,20,5,4,144,1022,0.8,1.9,1.9,1.9
t401,7,7,20,20,6,2,67,612,0.8,1.9,1.9,1.9
t401,7,7,20,20,5,3,146,1045,0.8,2.0,2.0,2.0
t401,7,7,20,20,5,5,141,1000,0.8,1.9,2.0,2.0
t401,7,7,20,20,6,1,71,678,0.8,1.9,1.9,1.9
t401,7,7,20,20,6,3,65,600,0.8,1.9,1.9,1.9
t401,7,7,20,20,2,2,9706,22451,0.8,2.3,3.3,3.3
t401,7,7,20,20,6,4,64,587,0.8,1.9,1.9,1.9
t401,7,7,20,20,2,1,9771,22672,0.8,2.3,3.3,3.4
t401,7,7,20,20,6,5,63,575,0.8,1.9,1.9,1.9
t401,7,7,20,20,7,1,45,486,0.8,1.9,1.9,1.9
t401,7,7,20,20,7,2,41,420,0.8,1.9,1.9,1.9
t401,7,7,20,20,7,3,41,420,0.8,1.9,1.9,1.9
t401,7,7,20,20,7,4,41,413,0.8,1.9,1.9,1.9
t401,7,7,20,20,7,5,40,401,0.8,1.9,1.9,1.9
t401,6,7,20,20,2,2,18260,44694,0.8,2.6,5.4,5.4
t401,6,7,20,20,2,1,18415,45181,0.8,2.6,5.5,5.5
t401,3,7,40,10,6,2,6224,76733,0.8,2.1,4.8,4.8
t401,3,7,40,10,5,1,8681,94647,0.8,2.1,5.4,5.4
t401,3,7,40,10,5,3,8675,94528,0.8,2.1,5.3,5.3
t401,3,7,40,10,5,2,8682,94604,0.8,2.2,5.4,5.4
t401,3,7,40,10,4,1,12025,111547,0.8,2.2,5.8,5.8
t401,3,7,40,10,6,3,6216,76672,0.8,2.1,4.8,4.8
t401,3,7,40,10,5,5,8466,92786,0.8,2.1,5.3,5.4
t401,3,7,40,10,6,1,6223,76786,0.8,2.1,4.8,4.8
t401,4,7,40,10,4,2,7023,45108,0.8,1.9,3.1,3.1
t401,4,7,40,10,4,1,7029,45203,0.8,1.9,3.1,3.1
t401,3,7,40,10,6,4,6201,76559,0.8,2.1,4.8,4.8
t401,3,7,40,10,4,3,12009,111432,0.8,2.2,5.9,5.9
t401,3,7,40,10,5,4,8642,94136,0.8,2.1,5.3,5.3
t401,3,7,40,10,4,2,12026,111527,0.8,2.3,6.3,6.3
t401,3,7,40,10,4,4,11870,110083,0.9,2.3,5.9,5.9
t401,4,7,40,10,5,1,3561,28971,0.8,1.9,2.6,2.6
t401,4,7,40,10,5,2,3557,28896,0.8,1.9,2.6,2.6
t401,3,7,40,10,3,1,15924,123952,0.8,2.3,6.7,6.7
t401,3,7,40,10,3,2,15915,123899,0.8,2.3,6.7,6.8
t401,4,7,40,10,5,3,3547,28823,0.8,1.8,2.6,2.6
t401,5,7,20,20,2,2,32174,88409,0.8,2.8,10.7,10.7
t401,5,7,20,20,2,1,32554,89407,0.8,2.7,10.7,10.8
t401,3,7,40,10,3,3,15866,123641,0.8,2.3,6.8,6.8
t401,4,7,40,10,4,3,7000,44777,0.8,1.9,3.0,3.0
t401,4,7,40,10,4,4,6893,44399,0.8,1.9,3.0,3.1
t401,3,7,40,10,2,1,19926,116793,0.8,2.4,7.3,7.3
t401,3,7,40,10,2,2,19921,117366,0.8,2.5,7.4,7.4
t401,4,7,40,10,5,4,3528,28821,0.8,1.9,2.6,2.6
t401,3,7,40,10,7,2,4477,62541,0.8,2.0,4.2,4.2
t401,3,7,40,10,7,1,4476,62594,0.8,2.1,4.3,4.3
t401,3,7,40,10,7,4,4470,62441,0.8,2.0,4.2,4.2
t401,3,7,40,10,7,3,4474,62516,0.8,2.0,4.3,4.3
t401,4,7,40,10,6,1,1987,19953,0.8,1.8,2.4,2.4
t401,3,7,40,10,7,5,4453,62375,0.8,2.0,4.2,4.2
t401,4,7,40,10,6,2,1986,19893,0.8,1.8,2.4,2.4
t401,4,7,40,10,7,1,1173,14063,0.8,1.8,2.2,2.2
t401,4,7,40,10,5,5,3430,28191,0.8,1.9,2.6,2.6
t401,4,7,40,10,6,3,1982,19854,0.8,1.8,2.4,2.4
t401,4,7,40,10,7,2,1172,14021,0.8,1.8,2.2,2.2
t401,4,7,40,10,6,4,1973,19868,0.8,1.8,2.4,2.4
t401,4,7,40,10,6,5,1953,19747,0.8,1.8,2.4,2.4
t401,4,7,40,10,3,1,15263,75911,0.8,2.0,4.7,4.7
t401,4,7,40,10,7,3,1170,14000,0.8,1.8,2.2,2.2
t401,4,7,40,10,7,4,1167,13916,0.8,1.8,2.2,2.2
t401,3,7,40,10,6,5,6170,76413,0.8,2.1,4.9,4.9
t401,4,7,40,10,3,2,15244,75782,0.8,2.1,4.7,4.8
t401,4,7,40,10,7,5,1160,13891,0.8,1.8,2.2,2.2
t401,4,7,40,10,3,3,15105,75061,0.9,2.2,5.0,5.1
t401,5,7,40,10,4,1,2375,13940,0.8,1.6,2.0,2.0
t401,5,7,40,10,3,1,6734,28476,0.8,1.7,2.5,2.5
t401,5,7,40,10,5,3,1033,7983,0.8,1.6,1.8,1.8
t401,5,7,40,10,5,1,1046,8103,0.8,1.6,1.8,1.8
t401,5,7,40,10,4,2,2367,13859,0.8,1.6,2.0,2.0
t401,5,7,40,10,4,3,2354,13769,0.8,1.6,1.9,1.9
t401,5,7,40,10,5,2,1043,8042,0.8,1.6,1.8,1.8
t401,5,7,40,10,6,3,557,5360,0.8,1.6,1.7,1.7
t401,5,7,40,10,5,4,1022,7878,0.8,1.6,1.8,1.8
t401,5,7,40,10,6,1,562,5396,0.8,1.6,1.7,1.7
t401,5,7,40,10,3,2,6722,28388,0.8,1.7,2.5,2.5
t401,5,7,40,10,4,4,2331,13615,0.8,1.6,2.0,2.0
t401,5,7,40,10,3,3,6669,28198,0.8,1.7,2.5,2.5
t401,5,7,40,10,6,2,561,5384,0.8,1.6,1.7,1.7
t401,5,7,40,10,5,5,1006,7730,0.8,1.6,1.8,1.8
t401,5,7,40,10,6,4,549,5284,0.8,1.6,1.7,1.7
t401,5,7,40,10,7,1,343,3879,0.8,1.6,1.7,1.7
t401,5,7,40,10,6,5,541,5181,0.7,1.6,1.7,1.7
t401,5,7,40,10,7,2,343,3879,0.8,1.6,1.7,1.7
t401,5,7,40,10,7,3,343,3879,0.8,1.6,1.7,1.7
t401,5,7,40,10,7,4,338,3825,0.8,1.6,1.7,1.7
t401,6,7,40,10,4,1,796,4419,0.8,1.5,1.6,1.6
t401,5,7,40,10,7,5,332,3734,0.8,1.6,1.7,1.7
t401,6,7,40,10,4,2,791,4357,0.8,1.4,1.5,1.5
t401,6,7,40,10,4,3,780,4304,0.8,1.4,1.5,1.5
t401,6,7,40,10,3,3,2483,9698,0.8,1.4,1.7,1.7
t401,6,7,40,10,3,2,2505,9799,0.8,1.4,1.7,1.7
t401,6,7,40,10,5,1,328,2415,0.8,1.4,1.4,1.4
t401,6,7,40,10,5,2,327,2405,0.9,1.4,1.4,1.4
t401,6,7,40,10,3,1,2515,9875,0.8,1.4,1.7,1.7
t401,6,7,40,10,4,4,777,4272,0.8,1.4,1.5,1.5
t401,6,7,40,10,5,3,324,2384,0.8,1.4,1.4,1.4
t401,6,7,40,10,5,4,322,2360,0.8,1.4,1.4,1.4
t401,6,7,40,10,6,1,183,1632,0.9,1.4,1.4,1.4
t401,6,7,40,10,5,5,318,2321,0.9,1.4,1.4,1.4
t401,6,7,40,10,6,3,182,1626,0.9,1.4,1.4,1.4
t401,6,7,40,10,6,4,182,1612,0.8,1.4,1.4,1.4
t401,6,7,40,10,7,2,112,1176,0.8,1.4,1.4,1.4
t401,6,7,40,10,6,2,183,1632,1.0,1.4,1.4,1.4
t401,6,7,40,10,6,5,179,1578,0.7,1.4,1.4,1.4
t401,6,7,40,10,7,3,112,1176,0.8,1.4,1.4,1.4
t401,6,7,40,10,7,1,112,1176,0.8,1.4,1.4,1.4
t401,4,7,20,20,2,2,41968,152283,0.8,3.0,16.3,16.4
t401,6,7,40,10,7,5,111,1140,0.8,1.4,1.4,1.4
t401,6,7,40,10,7,4,113,1168,0.8,1.4,1.5,1.5
t401,4,7,20,20,2,1,42350,153580,0.8,2.9,16.3,16.4
t401,7,7,40,10,3,1,921,3448,0.8,1.2,1.2,1.2
t401,7,7,40,10,3,3,911,3384,0.8,1.1,1.2,1.2
t401,7,7,40,10,4,1,263,1401,0.8,1.1,1.2,1.2
t401,7,7,40,10,3,2,914,3396,0.8,1.2,1.3,1.3
t401,7,7,40,10,5,1,102,741,0.9,1.1,1.2,1.2
t401,7,7,40,10,4,3,261,1389,0.8,1.1,1.2,1.2
t401,7,7,40,10,4,2,261,1389,0.8,1.1,1.2,1.2
t401,7,7,40,10,5,3,102,741,0.8,1.1,1.1,1.1
t401,7,7,40,10,5,2,102,741,0.8,1.1,1.1,1.1
t401,7,7,40,10,4,4,260,1367,0.9,1.1,1.2,1.2
t401,7,7,40,10,5,4,101,719,0.8,1.1,1.2,1.2
t401,7,7,40,10,5,5,99,701,0.8,1.1,1.2,1.2
t401,7,7,40,10,6,1,61,516,0.8,1.1,1.1,1.1
t401,7,7,40,10,6,2,61,516,0.8,1.1,1.1,1.1
t401,7,7,40,10,6,3,61,516,1.1,1.2,1.2,1.2
t401,7,7,40,10,2,1,6053,13960,0.8,1.4,1.9,1.9
t401,7,7,40,10,6,4,60,509,0.8,1.1,1.1,1.1
t401,7,7,40,10,2,2,6029,13872,0.8,1.4,1.9,1.9
t401,7,7,40,10,7,1,33,342,0.8,1.1,1.1,1.1
t401,7,7,40,10,6,5,58,491,0.8,1.1,1.1,1.1
t401,7,7,40,10,7,2,33,342,0.8,1.1,1.1,1.1
t401,7,7,40,10,7,3,33,342,0.8,1.1,1.1,1.1
t401,7,7,40,10,7,4,32,335,0.8,1.1,1.1,1.1
t401,7,7,40,10,7,5,31,323,0.8,1.1,1.1,1.1
t401,6,7,40,10,2,1,13165,32353,0.8,1.8,3.4,3.5
t401,6,7,40,10,2,2,13138,32206,0.8,1.8,3.6,3.6
t401,5,7,40,10,2,1,25923,71091,0.8,2.1,7.2,7.3
t401,4,7,10,40,4,1,6652,43059,0.8,2.6,4.2,4.2
t401,5,7,40,10,2,2,25821,70780,0.8,2.1,7.2,7.3
t401,3,7,10,40,6,4,6271,78135,0.8,2.4,6.8,6.8
t401,3,7,10,40,5,5,7416,84289,0.9,2.5,7.0,7.1
t401,3,7,10,40,6,1,6359,79536,0.8,2.4,6.9,6.9
t401,3,7,10,40,6,2,6356,79496,0.8,2.4,7.0,7.0
t401,3,7,10,40,6,3,6341,79219,0.8,2.4,7.0,7.0
t401,3,7,10,40,7,1,4157,57447,0.8,2.4,5.8,5.8
t401,3,7,10,40,5,4,9068,101274,0.8,2.5,7.8,7.9
t401,3,7,10,40,5,1,9398,105629,0.8,2.5,8.1,8.1
t401,3,7,10,40,5,2,9395,105593,0.8,2.5,8.2,8.2
t401,3,7,10,40,5,3,9376,105158,0.8,2.5,8.5,8.5
t401,3,7,10,40,4,4,12095,119721,0.8,2.6,8.5,8.5
t401,3,7,10,40,4,1,13245,132346,0.8,2.6,9.2,9.2
t401,3,7,10,40,4,2,13243,132313,0.8,2.6,9.2,9.2
t401,3,7,10,40,4,3,13171,131613,0.8,2.6,9.2,9.2
t401,4,7,10,40,4,2,6638,42875,0.8,2.4,4.1,4.1
t401,4,7,10,40,5,1,2912,24639,0.8,2.4,3.4,3.4
t401,4,7,10,40,4,4,5459,36001,0.8,2.4,3.8,3.8
t401,3,7,10,40,3,1,17014,147692,0.8,2.7,10.4,10.5
t401,3,7,10,40,3,3,16876,147477,0.8,2.7,10.3,10.4
t401,3,7,10,40,7,2,4155,57413,0.8,2.3,5.9,5.9
t401,3,7,10,40,3,2,17025,147661,0.8,2.7,10.5,10.5
t401,3,7,10,40,7,3,4147,57274,0.8,2.4,5.9,5.9
t401,4,7,10,40,5,2,2901,24506,0.8,2.4,3.5,3.5
t401,4,7,10,40,4,3,6541,42198,0.8,2.4,3.9,4.0
t401,3,7,10,40,2,2,19853,135046,0.8,2.9,11.1,11.1
t401,3,7,10,40,2,1,19607,132669,0.8,2.9,11.2,11.2
t401,4,7,10,40,5,3,2879,24244,0.8,2.4,3.4,3.4
t401,4,7,40,10,2,2,36550,129157,0.8,2.5,12.4,12.5
t401,4,7,40,10,2,1,36669,129597,0.8,2.5,12.4,12.5
t401,3,7,10,40,7,5,3955,54758,0.8,2.4,5.7,5.7
t401,3,7,10,40,7,4,4117,56733,0.8,2.3,5.8,5.8
t401,4,7,10,40,5,5,2038,18136,0.8,2.4,3.2,3.2
t401,4,7,10,40,3,3,15193,74619,0.8,2.6,5.6,5.6
t401,4,7,10,40,6,1,1450,15549,0.8,2.4,3.2,3.2
t401,4,7,10,40,5,4,2705,22826,0.8,2.4,3.4,3.4
t401,4,7,10,40,6,2,1443,15456,0.8,2.6,3.4,3.4
t401,4,7,10,40,6,3,1426,15296,0.8,2.3,3.1,3.1
t401,3,7,10,40,6,5,5744,71684,0.8,2.4,6.5,6.5
t401,4,7,10,40,6,4,1376,14789,0.8,2.4,3.2,3.2
t401,4,7,10,40,7,1,763,10258,0.8,2.4,3.1,3.1
t401,4,7,10,40,7,2,758,10177,0.8,2.4,3.0,3.0
t401,4,7,10,40,3,1,16648,80996,0.8,2.6,6.0,6.0
t401,4,7,10,40,6,5,1235,13372,0.8,2.4,3.1,3.1
t401,4,7,10,40,7,3,751,10107,0.8,2.4,3.0,3.0
t401,4,7,10,40,7,4,727,9852,0.8,2.4,3.0,3.0
t401,4,7,10,40,7,5,696,9289,0.8,2.4,3.0,3.0
t401,4,7,10,40,3,2,16604,80698,0.8,2.6,6.1,6.1
t401,5,7,10,40,4,1,1943,11593,0.8,2.4,2.7,2.7
t401,5,7,10,40,4,2,1926,11439,0.9,2.4,2.7,2.7
t401,5,7,10,40,4,3,1883,11155,0.8,2.4,2.7,2.7
t401,5,7,10,40,5,1,740,5921,0.8,2.4,2.5,2.5
t401,5,7,10,40,3,1,6830,28211,0.8,2.5,3.3,3.3
t401,5,7,10,40,4,4,1634,9833,0.8,2.4,2.6,2.7
t401,5,7,10,40,5,2,732,5815,0.8,2.4,2.5,2.5
t401,5,7,10,40,5,3,714,5663,0.8,2.3,2.5,2.5
t401,5,7,10,40,3,3,6258,25951,0.8,2.4,3.2,3.3
t401,5,7,10,40,5,4,685,5445,0.8,2.4,2.5,2.5
t401,5,7,10,40,3,2,6799,27949,0.8,2.5,3.3,3.3
t401,5,7,10,40,5,5,584,4669,0.8,2.4,2.6,2.6
t401,5,7,10,40,6,1,332,3491,0.8,2.4,2.5,2.5
t401,5,7,10,40,6,2,327,3415,0.8,2.3,2.4,2.4
t401,5,7,10,40,6,3,318,3323,0.8,2.3,2.4,2.4
t401,5,7,10,40,6,4,308,3225,0.8,2.3,2.5,2.5
t401,5,7,10,40,7,1,169,2195,0.8,2.3,2.4,2.4
t401,5,7,10,40,6,5,287,2959,0.8,2.3,2.5,2.5
t401,5,7,10,40,7,2,164,2119,0.8,2.3,2.4,2.4
t401,5,7,10,40,7,3,161,2087,0.8,2.4,2.4,2.4
t401,5,7,10,40,7,4,157,2031,0.8,2.3,2.4,2.4
t401,5,7,10,40,7,5,145,1867,0.8,2.3,2.4,2.4
t401,6,7,10,40,4,1,696,3842,0.8,2.4,2.4,2.4
t401,6,7,10,40,3,1,2579,10041,0.8,2.4,2.7,2.7
t401,6,7,10,40,4,3,664,3625,0.8,2.4,2.4,2.4
t401,6,7,10,40,3,3,2426,9392,0.8,2.4,2.6,2.6
t401,6,7,10,40,3,2,2554,9870,0.8,2.4,2.6,2.6
t401,6,7,10,40,4,2,683,3722,0.8,2.3,2.4,2.4
t401,6,7,10,40,4,4,624,3409,0.8,2.3,2.4,2.4
t401,6,7,10,40,5,1,253,1854,0.8,2.3,2.4,2.4
t401,6,7,10,40,5,2,247,1778,0.8,2.3,2.4,2.4
t401,6,7,10,40,5,3,240,1733,0.8,2.3,2.4,2.4
t401,6,7,10,40,5,4,235,1685,0.8,2.3,2.4,2.4
t401,6,7,10,40,5,5,214,1542,0.7,2.3,2.4,2.4
t401,6,7,10,40,6,1,109,1049,0.8,2.3,2.4,2.4
t401,6,7,10,40,6,2,104,978,0.8,2.3,2.4,2.4
t401,6,7,10,40,6,3,102,958,0.8,2.4,2.5,2.5
t401,6,7,10,40,6,4,100,925,0.8,2.3,2.4,2.4
t401,6,7,10,40,7,1,60,665,0.8,2.3,2.4,2.4
t401,6,7,10,40,6,5,91,857,0.8,2.3,2.4,2.4
t401,6,7,10,40,7,2,55,594,0.8,2.3,2.4,2.4
t401,6,7,10,40,7,3,53,580,0.8,2.3,2.4,2.4
t401,6,7,10,40,7,4,50,547,0.8,2.3,2.3,2.3
t401,6,7,10,40,7,5,46,509,0.8,2.3,2.3,2.3
t401,7,7,10,40,3,2,1105,4167,0.8,2.3,2.4,2.4
t401,7,7,10,40,3,3,1079,4060,0.8,2.3,2.4,2.4
t401,7,7,10,40,3,1,1121,4278,0.8,2.5,2.6,2.6
t401,7,7,10,40,4,1,299,1587,0.8,2.3,2.4,2.4
t401,7,7,10,40,4,2,293,1512,0.8,2.3,2.4,2.4
t401,7,7,10,40,4,3,286,1474,0.8,2.3,2.4,2.4
t401,7,7,10,40,4,4,281,1453,0.8,2.3,2.4,2.4
t401,7,7,10,40,5,2,110,708,0.8,2.3,2.3,2.3
t401,7,7,10,40,5,3,106,686,0.8,2.3,2.4,2.4
t401,7,7,10,40,5,1,116,779,0.8,2.3,2.4,2.4
t401,7,7,10,40,5,4,105,681,0.8,2.3,2.3,2.3
t401,7,7,10,40,5,5,100,638,0.9,2.3,2.3,2.3
t401,7,7,10,40,2,2,9693,21936,0.8,2.6,3.7,3.7
t401,7,7,10,40,2,1,9844,22345,0.8,2.6,3.7,3.7
t401,7,7,10,40,6,1,52,424,0.8,2.3,2.3,2.3
t401,7,7,10,40,6,3,45,346,0.8,2.3,2.3,2.3
t401,7,7,10,40,6,2,47,358,0.8,2.3,2.3,2.3
t401,6,7,10,40,2,1,18345,43547,0.8,2.8,5.6,5.7
t401,7,7,10,40,6,4,45,346,0.8,2.3,2.3,2.3
t401,7,7,10,40,7,1,24,238,0.8,2.4,2.4,2.4
t401,6,7,10,40,2,2,17914,42424,0.8,2.8,5.6,5.6
t401,7,7,10,40,6,5,42,313,0.8,2.3,2.3,2.3
t401,7,7,10,40,7,2,19,172,0.8,2.3,2.3,2.3
t401,7,7,10,40,7,3,19,172,0.9,2.3,2.3,2.3
t401,7,7,10,40,7,4,19,172,0.8,2.3,2.3,2.3
t401,7,7,10,40,7,5,18,151,0.8,2.4,2.4,2.4
t401,4,7,1,440,6,1,319,2614,0.8,2.5,2.6,2.6
t401,4,7,1,440,7,1,135,1210,0.8,2.6,2.6,2.6
t401,4,7,1,440,5,1,883,6199,0.8,2.6,2.7,2.7
t401,5,7,1,440,4,1,218,1140,0.8,2.5,2.5,2.5
t401,4,7,1,440,4,1,2876,16095,0.8,2.7,3.1,3.1
t401,3,7,1,440,7,1,2375,23869,0.8,2.5,3.1,3.1
t401,5,7,1,440,5,1,62,464,0.8,2.5,2.5,2.5
t401,5,7,1,440,6,1,24,234,0.8,2.5,2.5,2.5
t401,5,7,1,440,3,1,1707,5868,0.8,2.5,2.7,2.7
t401,5,7,1,440,7,1,15,156,0.8,2.5,2.5,2.6
t401,6,7,1,440,3,1,223,855,0.8,2.6,2.6,2.6
t401,6,7,1,440,6,1,10,105,0.8,2.6,2.6,2.6
t401,6,7,1,440,4,1,42,282,0.9,2.6,2.6,2.6
t401,6,7,1,440,5,1,16,150,0.8,2.6,2.6,2.6
t401,6,7,1,440,7,1,6,81,0.9,2.6,2.6,2.6
t401,7,7,1,440,4,1,12,112,0.8,2.6,2.6,2.6
t401,7,7,1,440,5,1,10,92,0.8,2.6,2.6,2.6
t401,7,7,1,440,3,1,49,244,0.8,2.6,2.6,2.6
t401,3,7,1,440,6,1,5560,48775,0.8,2.5,3.8,3.8
t401,7,7,1,440,2,1,1705,3580,0.8,2.7,2.8,2.8
t401,6,7,1,440,2,1,6412,13593,0.8,2.8,3.3,3.3
t401,7,7,1,440,6,1,5,67,0.8,2.6,2.6,2.6
t401,7,7,1,440,7,1,5,67,0.8,2.7,2.7,2.7
t401,4,7,1,440,3,1,12247,49899,0.8,2.7,4.2,4.2
t401,5,7,10,40,2,2,32467,85847,0.8,2.9,10.0,10.1
t401,3,7,1,440,5,1,11662,93180,0.8,2.5,4.9,5.0
t401,5,7,10,40,2,1,33517,88706,0.8,3.0,10.7,10.7
t401,5,7,1,440,2,1,22289,49910,0.8,2.7,5.3,5.4
t401,3,7,1,440,4,1,20582,161068,0.8,2.6,8.1,8.2
t401,4,7,10,40,2,2,44913,157993,0.8,3.2,15.0,15.1
t401,4,7,10,40,2,1,46106,162316,0.8,3.2,15.5,15.6
t401,3,7,1,440,3,1,30044,246964,0.8,2.6,13.7,13.8
t401,4,7,1,440,2,1,53473,155581,0.8,3.0,17.2,17.3
t401,3,7,1,440,2,1,36661,334646,0.8,2.9,23.1,23.2
